<?xml version="1.0" encoding="UTF-8"?>
<!-- Generated by org.testng.reporters.JUnitXMLReporter -->
<testsuite hostname="DESKTOP-MBQS6GU" ignored="0" name="Default test" tests="2" failures="0" timestamp="2022-05-04T18:07:27 IST" time="97.847" errors="0">
  <testcase name="loginLogoutInActitimeApplication" time="73.67" classname="TestNGPackage.Example9"/>
  <testcase name="loginPageValidationInActitimeApplication" time="23.931" classname="TestNGPackage.Example9"/>
</testsuite> <!-- Default test -->
