<?xml version="1.0" encoding="UTF-8"?>
<!-- Generated by org.testng.reporters.JUnitXMLReporter -->
<testsuite hostname="DESKTOP-MBQS6GU" name="Default test" tests="6" failures="0" timestamp="6 May 2022 08:46:45 GMT" time="0.143" errors="0">
  <testcase name="createAndInsertValueInCell" time="0.052" classname="ddt.ExcelOperations"/>
  <testcase name="getCellValueFromParticularRow" time="0.003" classname="ddt.ExcelOperations"/>
  <testcase name="getCompleteDataFromScepecificSheet" time="0.003" classname="ddt.ExcelOperations"/>
  <testcase name="getFirstCellValueFromEachRow" time="0.003" classname="ddt.ExcelOperations"/>
  <testcase name="getRowsCountFromSheet" time="0.003" classname="ddt.ExcelOperations"/>
  <testcase name="getSheetName" time="0.003" classname="ddt.ExcelOperations"/>
</testsuite> <!-- Default test -->
