<?xml version="1.0" encoding="UTF-8"?>
<testng-results skipped="0" failed="0" ignored="0" total="2" passed="2">
  <reporter-output>
  </reporter-output>
  <suite name="Default suite" duration-ms="97847" started-at="2022-05-04T18:05:49 IST" finished-at="2022-05-04T18:07:27 IST">
    <groups>
    </groups>
    <test name="Default test" duration-ms="97847" started-at="2022-05-04T18:05:49 IST" finished-at="2022-05-04T18:07:27 IST">
      <class name="TestNGPackage.Example9">
        <test-method status="PASS" signature="loginLogoutInActitimeApplication()[pri:0, instance:TestNGPackage.Example9@4b1c1ea0]" name="loginLogoutInActitimeApplication" duration-ms="73670" started-at="2022-05-04T18:05:49 IST" finished-at="2022-05-04T18:07:03 IST">
          <reporter-output>
          </reporter-output>
        </test-method> <!-- loginLogoutInActitimeApplication -->
        <test-method status="PASS" signature="loginPageValidationInActitimeApplication()[pri:0, instance:TestNGPackage.Example9@4b1c1ea0]" name="loginPageValidationInActitimeApplication" duration-ms="23931" started-at="2022-05-04T18:07:03 IST" finished-at="2022-05-04T18:07:27 IST">
          <reporter-output>
          </reporter-output>
        </test-method> <!-- loginPageValidationInActitimeApplication -->
      </class> <!-- TestNGPackage.Example9 -->
    </test> <!-- Default test -->
  </suite> <!-- Default suite -->
</testng-results>
